[themesbrand.com/minia-tailwindcss/layouts/index.html]
[backblue.gif]
[fade.gif]
[index.html]
[themesbrand.com/minia-tailwindcss/layouts/assets/images/favicon.ico]
[themesbrand.com/minia-tailwindcss/layouts/assets/libs/admin-resources/jquery.vectormap/jquery-jvectormap-1.2.2.css]
[themesbrand.com/minia-tailwindcss/layouts/assets/css/icons.css]
[themesbrand.com/minia-tailwindcss/layouts/assets/images/flags/us.jpg]
[themesbrand.com/minia-tailwindcss/layouts/assets/images/flags/spain.jpg]
[themesbrand.com/minia-tailwindcss/layouts/assets/images/flags/germany.jpg]
[themesbrand.com/minia-tailwindcss/layouts/assets/css/tailwind.css]
[themesbrand.com/minia-tailwindcss/layouts/assets/images/flags/italy.jpg]
[themesbrand.com/minia-tailwindcss/layouts/assets/images/brands/github.png]
[themesbrand.com/minia-tailwindcss/layouts/assets/images/brands/bitbucket.png]
[themesbrand.com/minia-tailwindcss/layouts/assets/images/brands/dribbble.png]
[themesbrand.com/minia-tailwindcss/layouts/assets/images/brands/dropbox.png]
[themesbrand.com/minia-tailwindcss/layouts/assets/images/brands/mail_chimp.png]
[themesbrand.com/minia-tailwindcss/layouts/assets/images/brands/slack.png]
[themesbrand.com/minia-tailwindcss/layouts/assets/images/users/avatar-3.jpg]
[themesbrand.com/minia-tailwindcss/layouts/assets/images/users/avatar-6.jpg]
[themesbrand.com/minia-tailwindcss/layouts/assets/images/users/avatar-1.jpg]
[themesbrand.com/minia-tailwindcss/layouts/apps-contacts-profile.html]
[themesbrand.com/minia-tailwindcss/layouts/lock-screen.html]
[themesbrand.com/minia-tailwindcss/layouts/logout.html]
[themesbrand.com/minia-tailwindcss/layouts/app-chat.html]
[themesbrand.com/minia-tailwindcss/layouts/apps-email-inbox.html]
[themesbrand.com/minia-tailwindcss/layouts/apps-email-read.html]
[themesbrand.com/minia-tailwindcss/layouts/app-calendar.html]
[themesbrand.com/minia-tailwindcss/layouts/apps-invoices-list.html]
[themesbrand.com/minia-tailwindcss/layouts/apps-invoices-detail.html]
[themesbrand.com/minia-tailwindcss/layouts/apps-contacts-grid.html]
[themesbrand.com/minia-tailwindcss/layouts/apps-contacts-list.html]
[themesbrand.com/minia-tailwindcss/layouts/apps-blog-grid.html]
[themesbrand.com/minia-tailwindcss/layouts/apps-blog-list.html]
[themesbrand.com/minia-tailwindcss/layouts/apps-blog-detail.html]
[themesbrand.com/minia-tailwindcss/layouts/login.html]
[themesbrand.com/minia-tailwindcss/layouts/register.html]
[themesbrand.com/minia-tailwindcss/layouts/recoverpw.html]
[themesbrand.com/minia-tailwindcss/layouts/confirm-mail.html]
[themesbrand.com/minia-tailwindcss/layouts/email-verification.html]
[themesbrand.com/minia-tailwindcss/layouts/two-step-verification.html]
[themesbrand.com/minia-tailwindcss/layouts/starter.html]
[themesbrand.com/minia-tailwindcss/layouts/maintenance.html]
[themesbrand.com/minia-tailwindcss/layouts/coming-soon.html]
[themesbrand.com/minia-tailwindcss/layouts/timeline.html]
[themesbrand.com/minia-tailwindcss/layouts/faqs.html]
[themesbrand.com/minia-tailwindcss/layouts/pricing.html]
[themesbrand.com/minia-tailwindcss/layouts/404.html]
[themesbrand.com/minia-tailwindcss/layouts/500.html]
[themesbrand.com/minia-tailwindcss/layouts/alerts.html]
[themesbrand.com/minia-tailwindcss/layouts/buttons.html]
[themesbrand.com/minia-tailwindcss/layouts/cards.html]
[themesbrand.com/minia-tailwindcss/layouts/dropdown.html]
[themesbrand.com/minia-tailwindcss/layouts/flexbox&grid.html]
[themesbrand.com/minia-tailwindcss/layouts/sizing.html]
[themesbrand.com/minia-tailwindcss/layouts/avatars.html]
[themesbrand.com/minia-tailwindcss/layouts/modals.html]
[themesbrand.com/minia-tailwindcss/layouts/progress.html]
[themesbrand.com/minia-tailwindcss/layouts/tabs&accordions.html]
[themesbrand.com/minia-tailwindcss/layouts/typography.html]
[themesbrand.com/minia-tailwindcss/layouts/toasts.html]
[themesbrand.com/minia-tailwindcss/layouts/general.html]
[themesbrand.com/minia-tailwindcss/layouts/colors.html]
[themesbrand.com/minia-tailwindcss/layouts/utilities.html]
[themesbrand.com/minia-tailwindcss/layouts/extended-rangeslider.html]
[themesbrand.com/minia-tailwindcss/layouts/extended-sweet-alert.html]
[themesbrand.com/minia-tailwindcss/layouts/extended-lightbox.html]
[themesbrand.com/minia-tailwindcss/layouts/extended-notifications.html]
[themesbrand.com/minia-tailwindcss/layouts/form-validation.html]
[themesbrand.com/minia-tailwindcss/layouts/extended-rating.html]
[themesbrand.com/minia-tailwindcss/layouts/form-elements.html]
[themesbrand.com/minia-tailwindcss/layouts/form-advanced.html]
[themesbrand.com/minia-tailwindcss/layouts/form-editors.html]
[themesbrand.com/minia-tailwindcss/layouts/file-uploads.html]
[themesbrand.com/minia-tailwindcss/layouts/form-wizard.html]
[themesbrand.com/minia-tailwindcss/layouts/form-mask.html]
[themesbrand.com/minia-tailwindcss/layouts/tables-basic.html]
[themesbrand.com/minia-tailwindcss/layouts/tables-datatable.html]
[themesbrand.com/minia-tailwindcss/layouts/tables-responsive.html]
[themesbrand.com/minia-tailwindcss/layouts/tables-editable.html]
[themesbrand.com/minia-tailwindcss/layouts/charts-apex.html]
[themesbrand.com/minia-tailwindcss/layouts/charts-echart.html]
[themesbrand.com/minia-tailwindcss/layouts/charts-chartjs.html]
[themesbrand.com/minia-tailwindcss/layouts/charts-knob.html]
[themesbrand.com/minia-tailwindcss/layouts/charts-sparkline.html]
[themesbrand.com/minia-tailwindcss/layouts/icons-boxicons.html]
[themesbrand.com/minia-tailwindcss/layouts/icons-materialdesign.html]
[themesbrand.com/minia-tailwindcss/layouts/icons-dripicons.html]
[themesbrand.com/minia-tailwindcss/layouts/maps-google.html]
[themesbrand.com/minia-tailwindcss/layouts/maps-vector.html]
[themesbrand.com/minia-tailwindcss/layouts/maps-leaflet.html]
[themesbrand.com/minia-tailwindcss/layouts/assets/images/giftbox.png]
[themesbrand.com/minia-tailwindcss/layouts/assets/libs/@popperjs/core/umd/popper.min.js]
[themesbrand.com/minia-tailwindcss/layouts/assets/libs/feather-icons/feather.min.js]
[themesbrand.com/minia-tailwindcss/layouts/assets/libs/metismenujs/metismenujs.min.js]
[themesbrand.com/minia-tailwindcss/layouts/assets/libs/simplebar/simplebar.min.js]
[code.jquery.com/jquery-3.6.0.min.js]
[themesbrand.com/minia-tailwindcss/layouts/assets/libs/apexcharts/apexcharts.min.js]
[themesbrand.com/minia-tailwindcss/layouts/assets/libs/admin-resources/jquery.vectormap/jquery-jvectormap-1.2.2.min.js]
[themesbrand.com/minia-tailwindcss/layouts/assets/libs/admin-resources/jquery.vectormap/maps/jquery-jvectormap-world-mill-en.js]
[themesbrand.com/minia-tailwindcss/layouts/assets/js/pages/dashboard.init.js]
[themesbrand.com/minia-tailwindcss/layouts/assets/js/pages/nav&tabs.js]
[themesbrand.com/minia-tailwindcss/layouts/index.html]
[themesbrand.com/minia-tailwindcss/layouts/assets/js/app.js]
[themesbrand.com/minia-tailwindcss/layouts/assets/libs/admin-resources/jquery.vectormap/jquery-jvectormap-1.2.2.css]
[themesbrand.com/minia-tailwindcss/layouts/assets/fonts/fa-brands-400.ttf]
[themesbrand.com/minia-tailwindcss/layouts/assets/fonts/fa-regular-400.ttf]
[themesbrand.com/minia-tailwindcss/layouts/assets/fonts/fa-solid-900.ttf]
[themesbrand.com/minia-tailwindcss/layouts/assets/fonts/materialdesignicons-webfont3ba9.eot]
[themesbrand.com/minia-tailwindcss/layouts/assets/fonts/materialdesignicons-webfontd41d.eot]
[themesbrand.com/minia-tailwindcss/layouts/assets/fonts/materialdesignicons-webfont3ba9.woff]
[themesbrand.com/minia-tailwindcss/layouts/assets/fonts/materialdesignicons-webfont3ba9.ttf]
[themesbrand.com/minia-tailwindcss/layouts/assets/fonts/dripicons-v2.eot]
[themesbrand.com/minia-tailwindcss/layouts/assets/fonts/dripicons-v2d41d.eot]
[themesbrand.com/minia-tailwindcss/layouts/assets/fonts/dripicons-v2.woff]
[themesbrand.com/minia-tailwindcss/layouts/assets/fonts/dripicons-v2.ttf]
[themesbrand.com/minia-tailwindcss/layouts/assets/fonts/boxicons.eot]
[themesbrand.com/minia-tailwindcss/layouts/assets/fonts/boxicons.woff]
[themesbrand.com/minia-tailwindcss/layouts/assets/fonts/boxicons.ttf]
[themesbrand.com/minia-tailwindcss/layouts/assets/css/icons.css]
[themesbrand.com/minia-tailwindcss/layouts/assets/images/auth-bg.jpg]
[themesbrand.com/minia-tailwindcss/layouts/assets/images/bg-1.jpg]
[themesbrand.com/minia-tailwindcss/layouts/assets/images/bg-2.jpg]
[themesbrand.com/minia-tailwindcss/layouts/assets/images/bg-3.jpg]
[themesbrand.com/minia-tailwindcss/layouts/assets/css/tailwind.css]
[themesbrand.com/minia-tailwindcss/layouts/assets/images/logo-sm.svg]
[themesbrand.com/minia-tailwindcss/layouts/assets/libs/flatpickr/flatpickr.min.css]
[themesbrand.com/minia-tailwindcss/layouts/assets/images/users/avatar-2.jpg]
[themesbrand.com/minia-tailwindcss/layouts/assets/images/small/img-3.jpg]
[themesbrand.com/minia-tailwindcss/layouts/assets/images/small/img-1.jpg]
[themesbrand.com/minia-tailwindcss/layouts/assets/images/small/img-5.jpg]
[themesbrand.com/minia-tailwindcss/layouts/apps-contacts-profile.html]
[themesbrand.com/minia-tailwindcss/layouts/lock-screen.html]
[themesbrand.com/minia-tailwindcss/layouts/assets/libs/flatpickr/flatpickr.min.js]
[themesbrand.com/minia-tailwindcss/layouts/logout.html]
[themesbrand.com/minia-tailwindcss/layouts/assets/libs/fullcalendar/index.global.min.js]
[themesbrand.com/minia-tailwindcss/layouts/app-calendar.html]
[themesbrand.com/minia-tailwindcss/layouts/assets/js/pages/calendar.init.js]
[themesbrand.com/minia-tailwindcss/layouts/assets/images/users/avatar-5.jpg]
[themesbrand.com/minia-tailwindcss/layouts/assets/images/users/avatar-4.jpg]
[themesbrand.com/minia-tailwindcss/layouts/assets/images/users/avatar-7.jpg]
[themesbrand.com/minia-tailwindcss/layouts/assets/images/small/img-2.jpg]
[themesbrand.com/minia-tailwindcss/layouts/app-chat.html]
[themesbrand.com/minia-tailwindcss/layouts/apps-email-inbox.html]
[themesbrand.com/minia-tailwindcss/layouts/assets/images/small/img-4.jpg]
[themesbrand.com/minia-tailwindcss/layouts/apps-email-read.html]
[themesbrand.com/minia-tailwindcss/layouts/apps-invoices-list.html]
[themesbrand.com/minia-tailwindcss/layouts/apps-invoices-detail.html]
[themesbrand.com/minia-tailwindcss/layouts/assets/images/users/avatar-8.jpg]
[themesbrand.com/minia-tailwindcss/layouts/apps-contacts-grid.html]
[themesbrand.com/minia-tailwindcss/layouts/assets/images/users/avatar-9.jpg]
[themesbrand.com/minia-tailwindcss/layouts/apps-contacts-list.html]
[themesbrand.com/minia-tailwindcss/layouts/apps-blog-grid.html]
[themesbrand.com/minia-tailwindcss/layouts/assets/images/small/img-7.jpg]
[themesbrand.com/minia-tailwindcss/layouts/assets/images/small/img-6.jpg]
[themesbrand.com/minia-tailwindcss/layouts/apps-blog-list.html]
[themesbrand.com/minia-tailwindcss/layouts/apps-blog-detail.html]
[themesbrand.com/minia-tailwindcss/layouts/login.html]
[themesbrand.com/minia-tailwindcss/layouts/register.html]
[themesbrand.com/minia-tailwindcss/layouts/recoverpw.html]
[themesbrand.com/minia-tailwindcss/layouts/confirm-mail.html]
[themesbrand.com/minia-tailwindcss/layouts/email-verification.html]
[themesbrand.com/minia-tailwindcss/layouts/two-step-verification.html]
[themesbrand.com/minia-tailwindcss/layouts/starter.html]
[themesbrand.com/minia-tailwindcss/layouts/maintenance.html]
[themesbrand.com/minia-tailwindcss/layouts/assets/libs/swiper/swiper-bundle.min.css]
[themesbrand.com/minia-tailwindcss/layouts/assets/libs/swiper/swiper-bundle.min.js]
[themesbrand.com/minia-tailwindcss/layouts/coming-soon.html]
[themesbrand.com/minia-tailwindcss/layouts/assets/js/pages/swiper.js]
[themesbrand.com/minia-tailwindcss/layouts/timeline.html]
[themesbrand.com/minia-tailwindcss/layouts/faqs.html]
[themesbrand.com/minia-tailwindcss/layouts/pricing.html]
[themesbrand.com/minia-tailwindcss/layouts/assets/images/error-img.png]
[themesbrand.com/minia-tailwindcss/layouts/404.html]
[themesbrand.com/minia-tailwindcss/layouts/500.html]
[themesbrand.com/minia-tailwindcss/layouts/alerts.html]
[themesbrand.com/minia-tailwindcss/layouts/buttons.html]
[themesbrand.com/minia-tailwindcss/layouts/cards.html]
[themesbrand.com/minia-tailwindcss/layouts/dropdown.html]
[themesbrand.com/minia-tailwindcss/layouts/flexbox&grid.html]
[themesbrand.com/minia-tailwindcss/layouts/sizing.html]
[themesbrand.com/minia-tailwindcss/layouts/avatars.html]
[themesbrand.com/minia-tailwindcss/layouts/modals.html]
[themesbrand.com/minia-tailwindcss/layouts/progress.html]
[themesbrand.com/minia-tailwindcss/layouts/tabs&accordions.html]
[themesbrand.com/minia-tailwindcss/layouts/typography.html]
[themesbrand.com/minia-tailwindcss/layouts/toasts.html]
[themesbrand.com/minia-tailwindcss/layouts/general.html]
[themesbrand.com/minia-tailwindcss/layouts/colors.html]
[themesbrand.com/minia-tailwindcss/layouts/utilities.html]
[themesbrand.com/minia-tailwindcss/layouts/assets/libs/glightbox/css/glightbox.min.css]
[themesbrand.com/minia-tailwindcss/layouts/assets/js/pages/lightbox.init.js]
[themesbrand.com/minia-tailwindcss/layouts/extended-lightbox.html]
[themesbrand.com/minia-tailwindcss/layouts/assets/libs/nouislider/nouislider.min.css]
[themesbrand.com/minia-tailwindcss/layouts/assets/libs/nouislider/nouislider.min.js]
[themesbrand.com/minia-tailwindcss/layouts/assets/libs/glightbox/js/glightbox.min.js]
[themesbrand.com/minia-tailwindcss/layouts/assets/libs/wnumb/wNumb.min.js]
[themesbrand.com/minia-tailwindcss/layouts/extended-rangeslider.html]
[themesbrand.com/minia-tailwindcss/layouts/assets/js/pages/rangeslider.init.js]
[themesbrand.com/minia-tailwindcss/layouts/assets/libs/sweetalert2/sweetalert2.min.css]
[themesbrand.com/minia-tailwindcss/layouts/assets/libs/sweetalert2/sweetalert2.min.js]
[themesbrand.com/minia-tailwindcss/layouts/extended-sweet-alert.html]
[themesbrand.com/minia-tailwindcss/layouts/assets/js/pages/sweetalert.init.js]
[themesbrand.com/minia-tailwindcss/layouts/assets/libs/rater-js/index.js]
[themesbrand.com/minia-tailwindcss/layouts/assets/js/pages/rating.init.js]
[themesbrand.com/minia-tailwindcss/layouts/extended-rating.html]
[themesbrand.com/minia-tailwindcss/layouts/assets/libs/alertifyjs/build/css/alertify.min.css]
[themesbrand.com/minia-tailwindcss/layouts/assets/libs/alertifyjs/build/css/themes/default.min.css]
[themesbrand.com/minia-tailwindcss/layouts/assets/libs/alertifyjs/build/alertify.min.js]
[themesbrand.com/minia-tailwindcss/layouts/assets/js/pages/notification.init.js]
[themesbrand.com/minia-tailwindcss/layouts/extended-notifications.html]
[themesbrand.com/minia-tailwindcss/layouts/form-elements.html]
[themesbrand.com/minia-tailwindcss/layouts/form-validation.html]
[themesbrand.com/minia-tailwindcss/layouts/assets/libs/choices.js/public/assets/styles/choices.min.css]
[themesbrand.com/minia-tailwindcss/layouts/assets/libs/@simonwep/pickr/themes/classic.min.css]
[themesbrand.com/minia-tailwindcss/layouts/assets/libs/@simonwep/pickr/themes/monolith.min.css]
[themesbrand.com/minia-tailwindcss/layouts/assets/libs/@simonwep/pickr/themes/nano.min.css]
[themesbrand.com/minia-tailwindcss/layouts/assets/libs/@simonwep/pickr/pickr.min.js]
[themesbrand.com/minia-tailwindcss/layouts/assets/libs/@simonwep/pickr/pickr.es5.min.js]
[themesbrand.com/minia-tailwindcss/layouts/assets/js/pages/form-advanced.init.js]
[themesbrand.com/minia-tailwindcss/layouts/form-advanced.html]
[themesbrand.com/minia-tailwindcss/layouts/assets/libs/choices.js/public/assets/scripts/choices.min.js]
[themesbrand.com/minia-tailwindcss/layouts/assets/libs/@ckeditor/ckeditor5-build-classic/build/ckeditor.js]
[themesbrand.com/minia-tailwindcss/layouts/assets/js/pages/form-editor.init.js]
[themesbrand.com/minia-tailwindcss/layouts/form-editors.html]
[themesbrand.com/minia-tailwindcss/layouts/assets/libs/dropzone/min/dropzone.min.css]
[themesbrand.com/minia-tailwindcss/layouts/file-uploads.html]
[themesbrand.com/minia-tailwindcss/layouts/form-wizard.html]
[themesbrand.com/minia-tailwindcss/layouts/assets/libs/dropzone/min/dropzone.min.js]
[themesbrand.com/minia-tailwindcss/layouts/assets/libs/imask/imask.min.js]
[themesbrand.com/minia-tailwindcss/layouts/assets/js/pages/form-mask.init.js]
[themesbrand.com/minia-tailwindcss/layouts/form-mask.html]
[themesbrand.com/minia-tailwindcss/layouts/assets/images/products/02.png]
[themesbrand.com/minia-tailwindcss/layouts/assets/images/products/04.png]
[themesbrand.com/minia-tailwindcss/layouts/assets/images/products/05.png]
[themesbrand.com/minia-tailwindcss/layouts/tables-basic.html]
[themesbrand.com/minia-tailwindcss/layouts/assets/libs/datatables.net-bs4/css/dataTables.bootstrap4.min.css]
[themesbrand.com/minia-tailwindcss/layouts/assets/libs/datatables.net-buttons-bs4/css/buttons.bootstrap4.min.css]
[themesbrand.com/minia-tailwindcss/layouts/assets/libs/datatables.net-responsive-bs4/css/responsive.bootstrap4.min.css]
[themesbrand.com/minia-tailwindcss/layouts/assets/libs/datatables.net/js/jquery.dataTables.min.js]
[themesbrand.com/minia-tailwindcss/layouts/assets/libs/datatables.net-bs4/js/dataTables.bootstrap4.min.js]
[themesbrand.com/minia-tailwindcss/layouts/assets/libs/datatables.net-buttons/js/dataTables.buttons.min.js]
[themesbrand.com/minia-tailwindcss/layouts/assets/libs/datatables.net-buttons-bs4/js/buttons.bootstrap4.min.js]
[themesbrand.com/minia-tailwindcss/layouts/assets/libs/jszip/jszip.min.js]
[themesbrand.com/minia-tailwindcss/layouts/assets/libs/pdfmake/build/pdfmake.min.js]
[themesbrand.com/minia-tailwindcss/layouts/assets/libs/datatables.net-buttons/js/buttons.html5.min.js]
[themesbrand.com/minia-tailwindcss/layouts/assets/libs/pdfmake/build/vfs_fonts.js]
[themesbrand.com/minia-tailwindcss/layouts/assets/libs/datatables.net-buttons/js/buttons.print.min.js]
[themesbrand.com/minia-tailwindcss/layouts/assets/libs/datatables.net-buttons/js/buttons.colVis.min.js]
[themesbrand.com/minia-tailwindcss/layouts/assets/libs/datatables.net-responsive/js/dataTables.responsive.min.js]
[themesbrand.com/minia-tailwindcss/layouts/assets/libs/datatables.net-responsive-bs4/js/responsive.bootstrap4.min.js]
[themesbrand.com/minia-tailwindcss/layouts/assets/js/pages/datatables.init.js]
[themesbrand.com/minia-tailwindcss/layouts/tables-datatable.html]
[themesbrand.com/minia-tailwindcss/layouts/assets/libs/admin-resources/rwd-table/rwd-table.min.css]
[themesbrand.com/minia-tailwindcss/layouts/assets/libs/admin-resources/rwd-table/rwd-table.min.js]
[themesbrand.com/minia-tailwindcss/layouts/assets/js/pages/table-responsive.init.js]
[themesbrand.com/minia-tailwindcss/layouts/tables-responsive.html]
[themesbrand.com/minia-tailwindcss/layouts/assets/libs/table-edits/build/table-edits.min.js]
[themesbrand.com/minia-tailwindcss/layouts/assets/js/pages/table-editable.int.js]
[themesbrand.com/minia-tailwindcss/layouts/tables-editable.html]
[themesbrand.com/minia-tailwindcss/layouts/assets/js/pages/apexcharts.init.js]
[themesbrand.com/minia-tailwindcss/layouts/charts-apex.html]
[themesbrand.com/minia-tailwindcss/layouts/charts-echart.html]
[themesbrand.com/minia-tailwindcss/layouts/assets/js/pages/echarts.init.js]
[themesbrand.com/minia-tailwindcss/layouts/assets/libs/echarts/echarts.min.js]
[themesbrand.com/minia-tailwindcss/layouts/assets/libs/chart.js/Chart.bundle.min.js]
[themesbrand.com/minia-tailwindcss/layouts/charts-chartjs.html]
[themesbrand.com/minia-tailwindcss/layouts/assets/js/pages/chartjs.init.js]
[themesbrand.com/minia-tailwindcss/layouts/assets/libs/jquery-knob/jquery.knob.min.js]
[themesbrand.com/minia-tailwindcss/layouts/assets/js/pages/jquery-knob.init.js]
[themesbrand.com/minia-tailwindcss/layouts/charts-knob.html]
[themesbrand.com/minia-tailwindcss/layouts/assets/libs/jquery-sparkline/jquery.sparkline.min.js]
[themesbrand.com/minia-tailwindcss/layouts/assets/js/pages/sparklines.init.js]
[themesbrand.com/minia-tailwindcss/layouts/charts-sparkline.html]
[themesbrand.com/minia-tailwindcss/layouts/icons-boxicons.html]
[themesbrand.com/minia-tailwindcss/layouts/icons-materialdesign.html]
[themesbrand.com/minia-tailwindcss/layouts/icons-dripicons.html]
[themesbrand.com/minia-tailwindcss/layouts/assets/js/pages/materialdesign.init.js]
[themesbrand.com/minia-tailwindcss/layouts/assets/libs/gmaps/gmaps.min.js]
[themesbrand.com/minia-tailwindcss/layouts/maps-google.html]
[themesbrand.com/minia-tailwindcss/layouts/assets/js/pages/gmaps.init.js]
[themesbrand.com/minia-tailwindcss/layouts/assets/libs/admin-resources/jquery.vectormap/maps/jquery-jvectormap-us-merc-en.js]
[themesbrand.com/minia-tailwindcss/layouts/assets/libs/admin-resources/jquery.vectormap/maps/jquery-jvectormap-in-mill-en.js]
[themesbrand.com/minia-tailwindcss/layouts/assets/libs/admin-resources/jquery.vectormap/maps/jquery-jvectormap-au-mill-en.js]
[themesbrand.com/minia-tailwindcss/layouts/assets/libs/admin-resources/jquery.vectormap/maps/jquery-jvectormap-us-il-chicago-mill-en.js]
[themesbrand.com/minia-tailwindcss/layouts/assets/libs/admin-resources/jquery.vectormap/maps/jquery-jvectormap-uk-mill-en.js]
[themesbrand.com/minia-tailwindcss/layouts/assets/libs/admin-resources/jquery.vectormap/maps/jquery-jvectormap-ca-lcc-en.js]
[themesbrand.com/minia-tailwindcss/layouts/assets/js/pages/vector-maps.init.js]
[themesbrand.com/minia-tailwindcss/layouts/maps-vector.html]
[themesbrand.com/minia-tailwindcss/layouts/assets/libs/leaflet/leaflet.css]
[themesbrand.com/minia-tailwindcss/layouts/assets/libs/leaflet/leaflet.js]
[themesbrand.com/minia-tailwindcss/layouts/maps-leaflet.html]
[themesbrand.com/minia-tailwindcss/layouts/assets/js/pages/leaflet-map.init.js]
[themesbrand.com/minia-tailwindcss/layouts/assets/fonts/fa-brands-400.html]
[themesbrand.com/minia-tailwindcss/layouts/assets/fonts/fa-regular-400.html]
[themesbrand.com/minia-tailwindcss/layouts/assets/fonts/fa-solid-900.html]
[themesbrand.com/minia-tailwindcss/layouts/assets/fonts/fa-v4compatibility.html]
[themesbrand.com/minia-tailwindcss/layouts/assets/fonts/fa-v4compatibility-2.html]
[themesbrand.com/minia-tailwindcss/layouts/assets/fonts/materialdesignicons-webfont3ba9.html]
[themesbrand.com/minia-tailwindcss/layouts/assets/fonts/dripicons-v2.svg]
[themesbrand.com/minia-tailwindcss/layouts/assets/fonts/boxicons.html]
[themesbrand.com/minia-tailwindcss/layouts/assets/fonts/boxiconsd41d.svg]
[themesbrand.com/minia-tailwindcss/layouts/assets/libs/flatpickr/flatpickr.min.css]
[themesbrand.com/minia-tailwindcss/layouts/auth-login.html]
[themesbrand.com/minia-tailwindcss/layouts/assets/images/undraw-calendar.svg]
[themesbrand.com/minia-tailwindcss/layouts/assets/libs/swiper/swiper-bundle.min.css]
[themesbrand.com/minia-tailwindcss/layouts/assets/libs/glightbox/css/glightbox.min.css]
[themesbrand.com/minia-tailwindcss/layouts/assets/libs/nouislider/nouislider.min.css]
[themesbrand.com/minia-tailwindcss/layouts/assets/libs/sweetalert2/sweetalert2.min.css]
[themesbrand.com/minia-tailwindcss/layouts/assets/libs/alertifyjs/build/css/alertify.min.css]
[themesbrand.com/minia-tailwindcss/layouts/assets/libs/alertifyjs/build/css/themes/default.min.css]
[themesbrand.com/minia-tailwindcss/layouts/assets/libs/choices.js/public/assets/styles/choices.min.css]
[themesbrand.com/minia-tailwindcss/layouts/assets/libs/@simonwep/pickr/themes/classic.min.css]
[themesbrand.com/minia-tailwindcss/layouts/assets/libs/@simonwep/pickr/themes/monolith.min.css]
[themesbrand.com/minia-tailwindcss/layouts/assets/libs/@simonwep/pickr/themes/nano.min.css]
[themesbrand.com/minia-tailwindcss/layouts/assets/libs/dropzone/min/dropzone.min.css]
[themesbrand.com/minia-tailwindcss/layouts/assets/libs/datatables.net-bs4/css/dataTables.bootstrap4.min.css]
[themesbrand.com/minia-tailwindcss/layouts/assets/libs/datatables.net-buttons-bs4/css/buttons.bootstrap4.min.css]
[themesbrand.com/minia-tailwindcss/layouts/assets/libs/datatables.net-responsive-bs4/css/responsive.bootstrap4.min.css]
[themesbrand.com/minia-tailwindcss/layouts/assets/libs/admin-resources/rwd-table/rwd-table.min.css]
[themesbrand.com/minia-tailwindcss/layouts/assets/js/pages/leaflet-us-states.js]
[themesbrand.com/minia-tailwindcss/layouts/assets/libs/leaflet/images/layers.png]
[themesbrand.com/minia-tailwindcss/layouts/assets/libs/leaflet/images/layers-2x.png]
[themesbrand.com/minia-tailwindcss/layouts/assets/libs/leaflet/images/marker-icon.png]
[themesbrand.com/minia-tailwindcss/layouts/assets/libs/leaflet/leaflet.css]
